# JRE version: OpenJDK Runtime Environment (17.0.6) (build 17.0.6+0-b2043.56-10027231)
# Java VM: OpenJDK 64-Bit Server VM (17.0.6+0-b2043.56-10027231, mixed mode, tiered, compressed oops, compressed class ptrs, g1 gc, windows-amd64)
GC Precious Log:
 CPUs: 8 total, 8 available
 Memory: 16198M
 Large Page Support: Disabled
 NUMA Support: Disabled
 Compressed Oops: Enabled (32-bit)
 Heap Region Size: 1M
 Heap Min Capacity: 8M
 Heap Initial Capacity: 254M
 Heap Max Capacity: 2G
 Pre-touch: Disabled
 Parallel Workers: 8
 Concurrent Workers: 2
 Concurrent Refinement Workers: 8
 Periodic GC: Disabled
Heap:
 garbage-first heap   total 324608K, used 235508K [0x0000000080000000, 0x0000000100000000)
  region size 1024K, 61 young (62464K), 2 survivors (2048K)
 Metaspace       used 162989K, committed 163904K, reserved 1196032K
  class space    used 22534K, committed 22976K, reserved 1048576K
GC Heap History (20 events):
Event: 2511.818 GC heap before
{Heap before GC invocations=41 (full 0):
 garbage-first heap   total 275456K, used 238090K [0x0000000080000000, 0x0000000100000000)
  region size 1024K, 99 young (101376K), 6 survivors (6144K)
 Metaspace       used 127366K, committed 128192K, reserved 1163264K
  class space    used 17798K, committed 18176K, reserved 1048576K
}
Event: 2511.827 GC heap after
{Heap after GC invocations=42 (full 0):
 garbage-first heap   total 275456K, used 128148K [0x0000000080000000, 0x0000000100000000)
  region size 1024K, 7 young (7168K), 7 survivors (7168K)
 Metaspace       used 127366K, committed 128192K, reserved 1163264K
  class space    used 17798K, committed 18176K, reserved 1048576K
}
Event: 7629.102 GC heap before
{Heap before GC invocations=42 (full 0):
 garbage-first heap   total 275456K, used 223380K [0x0000000080000000, 0x0000000100000000)
  region size 1024K, 101 young (103424K), 7 survivors (7168K)
 Metaspace       used 127408K, committed 128256K, reserved 1163264K
  class space    used 17798K, committed 18176K, reserved 1048576K
}
Event: 7629.323 GC heap after
{Heap after GC invocations=43 (full 0):
 garbage-first heap   total 275456K, used 127401K [0x0000000080000000, 0x0000000100000000)
  region size 1024K, 6 young (6144K), 6 survivors (6144K)
 Metaspace       used 127408K, committed 128256K, reserved 1163264K
  class space    used 17798K, committed 18176K, reserved 1048576K
}
Event: 7817.898 GC heap before
{Heap before GC invocations=43 (full 0):
 garbage-first heap   total 275456K, used 158121K [0x0000000080000000, 0x0000000100000000)
  region size 1024K, 18 young (18432K), 6 survivors (6144K)
 Metaspace       used 127738K, committed 128640K, reserved 1163264K
  class space    used 17859K, committed 18304K, reserved 1048576K
}
Event: 7817.967 GC heap after
{Heap after GC invocations=44 (full 0):
 garbage-first heap   total 275456K, used 151055K [0x0000000080000000, 0x0000000100000000)
  region size 1024K, 9 young (9216K), 9 survivors (9216K)
 Metaspace       used 127738K, committed 128640K, reserved 1163264K
  class space    used 17859K, committed 18304K, reserved 1048576K
}
Event: 7821.567 GC heap before
{Heap before GC invocations=44 (full 0):
 garbage-first heap   total 275456K, used 240143K [0x0000000080000000, 0x0000000100000000)
  region size 1024K, 89 young (91136K), 9 survivors (9216K)
 Metaspace       used 133602K, committed 134720K, reserved 1171456K
  class space    used 19139K, committed 19648K, reserved 1048576K
}
Event: 7821.605 GC heap after
{Heap after GC invocations=45 (full 0):
 garbage-first heap   total 275456K, used 167871K [0x0000000080000000, 0x0000000100000000)
  region size 1024K, 12 young (12288K), 12 survivors (12288K)
 Metaspace       used 133602K, committed 134720K, reserved 1171456K
  class space    used 19139K, committed 19648K, reserved 1048576K
}
Event: 7822.449 GC heap before
{Heap before GC invocations=45 (full 0):
 garbage-first heap   total 275456K, used 219071K [0x0000000080000000, 0x0000000100000000)
  region size 1024K, 59 young (60416K), 12 survivors (12288K)
 Metaspace       used 140006K, committed 141056K, reserved 1171456K
  class space    used 19925K, committed 20416K, reserved 1048576K
}
Event: 7822.471 GC heap after
{Heap after GC invocations=46 (full 0):
 garbage-first heap   total 275456K, used 174162K [0x0000000080000000, 0x0000000100000000)
  region size 1024K, 3 young (3072K), 3 survivors (3072K)
 Metaspace       used 140006K, committed 141056K, reserved 1171456K
  class space    used 19925K, committed 20416K, reserved 1048576K
}
Event: 7823.480 GC heap before
{Heap before GC invocations=47 (full 0):
 garbage-first heap   total 324608K, used 235602K [0x0000000080000000, 0x0000000100000000)
  region size 1024K, 61 young (62464K), 3 survivors (3072K)
 Metaspace       used 142240K, committed 143808K, reserved 1179648K
  class space    used 20179K, committed 20800K, reserved 1048576K
}
Event: 7823.499 GC heap after
{Heap after GC invocations=48 (full 0):
 garbage-first heap   total 324608K, used 183947K [0x0000000080000000, 0x0000000100000000)
  region size 1024K, 8 young (8192K), 8 survivors (8192K)
 Metaspace       used 142240K, committed 143808K, reserved 1179648K
  class space    used 20179K, committed 20800K, reserved 1048576K
}
Event: 7823.545 GC heap before
{Heap before GC invocations=48 (full 0):
 garbage-first heap   total 324608K, used 190091K [0x0000000080000000, 0x0000000100000000)
  region size 1024K, 15 young (15360K), 8 survivors (8192K)
 Metaspace       used 142241K, committed 143808K, reserved 1179648K
  class space    used 20179K, committed 20800K, reserved 1048576K
}
Event: 7823.565 GC heap after
{Heap after GC invocations=49 (full 0):
 garbage-first heap   total 324608K, used 166543K [0x0000000080000000, 0x0000000100000000)
  region size 1024K, 2 young (2048K), 2 survivors (2048K)
 Metaspace       used 142241K, committed 143808K, reserved 1179648K
  class space    used 20179K, committed 20800K, reserved 1048576K
}
Event: 7824.636 GC heap before
{Heap before GC invocations=49 (full 0):
 garbage-first heap   total 324608K, used 262799K [0x0000000080000000, 0x0000000100000000)
  region size 1024K, 90 young (92160K), 2 survivors (2048K)
 Metaspace       used 151715K, committed 152640K, reserved 1187840K
  class space    used 21187K, committed 21632K, reserved 1048576K
}
Event: 7824.643 GC heap after
{Heap after GC invocations=50 (full 0):
 garbage-first heap   total 324608K, used 182401K [0x0000000080000000, 0x0000000100000000)
  region size 1024K, 12 young (12288K), 12 survivors (12288K)
 Metaspace       used 151715K, committed 152640K, reserved 1187840K
  class space    used 21187K, committed 21632K, reserved 1048576K
}
Event: 7825.519 GC heap before
{Heap before GC invocations=51 (full 0):
 garbage-first heap   total 324608K, used 261249K [0x0000000080000000, 0x0000000100000000)
  region size 1024K, 90 young (92160K), 12 survivors (12288K)
 Metaspace       used 160346K, committed 161216K, reserved 1187840K
  class space    used 22248K, committed 22656K, reserved 1048576K
}
Event: 7825.533 GC heap after
{Heap after GC invocations=52 (full 0):
 garbage-first heap   total 324608K, used 186235K [0x0000000080000000, 0x0000000100000000)
  region size 1024K, 6 young (6144K), 6 survivors (6144K)
 Metaspace       used 160346K, committed 161216K, reserved 1187840K
  class space    used 22248K, committed 22656K, reserved 1048576K
}
Event: 7825.582 GC heap before
{Heap before GC invocations=52 (full 0):
 garbage-first heap   total 324608K, used 195451K [0x0000000080000000, 0x0000000100000000)
  region size 1024K, 15 young (15360K), 6 survivors (6144K)
 Metaspace       used 160645K, committed 161536K, reserved 1187840K
  class space    used 22276K, committed 22720K, reserved 1048576K
}
Event: 7825.595 GC heap after
{Heap after GC invocations=53 (full 0):
 garbage-first heap   total 324608K, used 176116K [0x0000000080000000, 0x0000000100000000)
  region size 1024K, 2 young (2048K), 2 survivors (2048K)
 Metaspace       used 160645K, committed 161536K, reserved 1187840K
  class space    used 22276K, committed 22720K, reserved 1048576K
}

